Using pre-set license
Built from '2020.3/staging' branch; Version is '2020.3.28f1 (f5400f52e03f) revision 16072719'; Using compiler version '192528614'; Build Type 'Release'
OS: 'Windows 10  (10.0.19042) 64bit Enterprise' Language: 'ru' Physical Memory: 16263 MB
BatchMode: 1, IsHumanControllingUs: 0, StartBugReporterOnCrash: 0, Is64bit: 1, IsPro: 0

COMMAND LINE ARGUMENTS:
E:\unity\Editor\Unity.exe
-adb2
-batchMode
-noUpm
-name
AssetImportWorker0
-projectPath
C:/Users/Ivan/Desktop/VR Unity/VR
-logFile
Logs/AssetImportWorker0.log
-srvPort
53779
Successfully changed project path to: C:/Users/Ivan/Desktop/VR Unity/VR
C:/Users/Ivan/Desktop/VR Unity/VR
Using Asset Import Pipeline V2.
Refreshing native plugins compatible for Editor in 75.58 ms, found 2 plugins.
Preloading 0 native plugins for Editor in 0.00 ms.
Initialize engine version: 2020.3.28f1 (f5400f52e03f)
[Subsystems] Discovering subsystems at path E:/unity/Editor/Data/Resources/UnitySubsystems
[Subsystems] Discovering subsystems at path C:/Users/Ivan/Desktop/VR Unity/VR/Assets
GfxDevice: creating device client; threaded=0
Direct3D:
    Version:  Direct3D 11.0 [level 11.1]
    Renderer: Intel(R) UHD Graphics 620 (ID=0x3ea0)
    Vendor:   
    VRAM:     8131 MB
    Driver:   27.20.100.8729
Initialize mono
Mono path[0] = 'E:/unity/Editor/Data/Managed'
Mono path[1] = 'E:/unity/Editor/Data/MonoBleedingEdge/lib/mono/unityjit'
Mono config path = 'E:/unity/Editor/Data/MonoBleedingEdge/etc'
Using monoOptions --debugger-agent=transport=dt_socket,embedding=1,server=y,suspend=n,address=127.0.0.1:56448
Begin MonoManager ReloadAssembly
Registering precompiled unity dll's ...
Register platform support module: E:/unity/Editor/Data/PlaybackEngines/WebGLSupport/UnityEditor.WebGL.Extensions.dll
Register platform support module: E:/unity/Editor/Data/PlaybackEngines/MacStandaloneSupport/UnityEditor.OSXStandalone.Extensions.dll
Register platform support module: E:/unity/Editor/Data/PlaybackEngines/WindowsStandaloneSupport/UnityEditor.WindowsStandalone.Extensions.dll
Registered in 0.001897 seconds.
Native extension for WindowsStandalone target not found
Native extension for OSXStandalone target not found
Native extension for WebGL target not found
Refreshing native plugins compatible for Editor in 71.25 ms, found 2 plugins.
Preloading 0 native plugins for Editor in 0.00 ms.
Mono: successfully reloaded assembly
- Completed reload, in  1.044 seconds
Domain Reload Profiling:
	ReloadAssembly (1045ms)
		BeginReloadAssembly (93ms)
			ExecutionOrderSort (0ms)
			DisableScriptedObjects (0ms)
			BackupInstance (0ms)
			ReleaseScriptingObjects (0ms)
			CreateAndSetChildDomain (1ms)
		EndReloadAssembly (834ms)
			LoadAssemblies (92ms)
			RebuildTransferFunctionScriptingTraits (0ms)
			SetupTypeCache (260ms)
			ReleaseScriptCaches (0ms)
			RebuildScriptCaches (55ms)
			SetupLoadedEditorAssemblies (352ms)
				LogAssemblyErrors (0ms)
				InitializePlatformSupportModulesInManaged (9ms)
				SetLoadedEditorAssemblies (0ms)
				RefreshPlugins (71ms)
				BeforeProcessingInitializeOnLoad (31ms)
				ProcessInitializeOnLoadAttributes (190ms)
				ProcessInitializeOnLoadMethodAttributes (50ms)
				AfterProcessingInitializeOnLoad (0ms)
				EditorAssembliesLoaded (0ms)
			ExecutionOrderSort2 (0ms)
			AwakeInstancesAfterBackupRestoration (0ms)
Platform modules already initialized, skipping
Registering precompiled user dll's ...
Registered in 0.007101 seconds.
Begin MonoManager ReloadAssembly
Native extension for WindowsStandalone target not found
Native extension for OSXStandalone target not found
Native extension for WebGL target not found
Refreshing native plugins compatible for Editor in 0.74 ms, found 2 plugins.
Preloading 0 native plugins for Editor in 0.00 ms.
Mono: successfully reloaded assembly
- Completed reload, in  1.376 seconds
Domain Reload Profiling:
	ReloadAssembly (1376ms)
		BeginReloadAssembly (246ms)
			ExecutionOrderSort (0ms)
			DisableScriptedObjects (10ms)
			BackupInstance (0ms)
			ReleaseScriptingObjects (0ms)
			CreateAndSetChildDomain (24ms)
		EndReloadAssembly (1055ms)
			LoadAssemblies (113ms)
			RebuildTransferFunctionScriptingTraits (0ms)
			SetupTypeCache (409ms)
			ReleaseScriptCaches (0ms)
			RebuildScriptCaches (60ms)
			SetupLoadedEditorAssemblies (349ms)
				LogAssemblyErrors (0ms)
				InitializePlatformSupportModulesInManaged (8ms)
				SetLoadedEditorAssemblies (1ms)
				RefreshPlugins (1ms)
				BeforeProcessingInitializeOnLoad (95ms)
				ProcessInitializeOnLoadAttributes (234ms)
				ProcessInitializeOnLoadMethodAttributes (9ms)
				AfterProcessingInitializeOnLoad (2ms)
				EditorAssembliesLoaded (0ms)
			ExecutionOrderSort2 (0ms)
			AwakeInstancesAfterBackupRestoration (7ms)
Platform modules already initialized, skipping
========================================================================
Worker process is ready to serve import requests
Launched and connected shader compiler UnityShaderCompiler.exe after 0.17 seconds
Refreshing native plugins compatible for Editor in 0.47 ms, found 2 plugins.
Preloading 0 native plugins for Editor in 0.00 ms.
Unloading 1560 Unused Serialized files (Serialized files now loaded: 0)
System memory in use before: 71.6 MB.
System memory in use after: 71.7 MB.

Unloading 20 unused Assets to reduce memory usage. Loaded Objects now: 1996.
Total: 2.502300 ms (FindLiveObjects: 0.116500 ms CreateObjectMapping: 0.042600 ms MarkObjects: 2.284300 ms  DeleteObjects: 0.058100 ms)

AssetImportParameters requested are different than current active one (requested -> active):
  custom:framework-win-MediaFoundation: 216162199b28c13a410421893ffa2e32 -> 
  custom:video-decoder-ogg-theora: a1e56fd34408186e4bbccfd4996cb3dc -> 
  custom:container-muxer-webm: aa71ff27fc2769a1b78a27578f13a17b -> 
  custom:container-demuxer-webm: 4f35f7cbe854078d1ac9338744f61a02 -> 
  custom:container-demuxer-ogg: 62fdf1f143b41e24485cea50d1cbac27 -> 
  custom:video-encoder-webm-vp8: eb34c28f22e8b96e1ab97ce403110664 -> 
  custom:video-decoder-webm-vp8: 9c59270c3fd7afecdb556c50c9e8de78 -> 
  custom:audio-decoder-ogg-vorbis: bf7c407c2cedff20999df2af8eb42d56 -> 
  custom:audio-encoder-webm-vorbis: bf7c407c2cedff20999df2af8eb42d56 -> 
========================================================================
Received Import Request.
  path: Assets/Effects
  artifactKey: Guid(67bd2637582b79c429754b496cf855c6) Importer(815301076,1909f56bfc062723c751e8b465ee728b)
Start importing Assets/Effects using Guid(67bd2637582b79c429754b496cf855c6) Importer(815301076,1909f56bfc062723c751e8b465ee728b)  -> (artifact id: '619e668feaeb8bfb657568ae89164099') in 0.009725 seconds 
  Import took 0.012228 seconds .

========================================================================
Received Import Request.
  Time since last request: 64.616600 seconds.
  path: Assets/Scenes 1
  artifactKey: Guid(fcc4bad9f3d2afe44af6b84f2f137779) Importer(815301076,1909f56bfc062723c751e8b465ee728b)
Start importing Assets/Scenes 1 using Guid(fcc4bad9f3d2afe44af6b84f2f137779) Importer(815301076,1909f56bfc062723c751e8b465ee728b)  -> (artifact id: '699728faed375cb8c49f9dcbd29fac3a') in 0.014472 seconds 
  Import took 0.017285 seconds .

========================================================================
Received Import Request.
  Time since last request: 1.414413 seconds.
  path: Assets/Scenes 1/Main
  artifactKey: Guid(f62e097589efd864ebb560f918144271) Importer(815301076,1909f56bfc062723c751e8b465ee728b)
Start importing Assets/Scenes 1/Main using Guid(f62e097589efd864ebb560f918144271) Importer(815301076,1909f56bfc062723c751e8b465ee728b)  -> (artifact id: '90deb26c86ddbadd14e09e49805b45c3') in 0.028418 seconds 
  Import took 0.031468 seconds .

========================================================================
Received Import Request.
  Time since last request: 0.060989 seconds.
  path: Assets/Scenes 1/Main/NavMesh.asset
  artifactKey: Guid(9e4d0e48077a46c45b891b96a1aefb18) Importer(815301076,1909f56bfc062723c751e8b465ee728b)
Start importing Assets/Scenes 1/Main/NavMesh.asset using Guid(9e4d0e48077a46c45b891b96a1aefb18) Importer(815301076,1909f56bfc062723c751e8b465ee728b)  -> (artifact id: 'c18b73b10142552ab39824478b693714') in 0.040734 seconds 
  Import took 0.044954 seconds .

========================================================================
Received Import Request.
  Time since last request: 1.749873 seconds.
  path: Assets/Scenes 1/Main.unity
  artifactKey: Guid(df4eee83334822d43b91981cdf43cf75) Importer(815301076,1909f56bfc062723c751e8b465ee728b)
Start importing Assets/Scenes 1/Main.unity using Guid(df4eee83334822d43b91981cdf43cf75) Importer(815301076,1909f56bfc062723c751e8b465ee728b)  -> (artifact id: '9abf06d7d60aa0eb8329699a5653b3b9') in 0.014799 seconds 
  Import took 0.019733 seconds .

========================================================================
Received Prepare
Registering precompiled user dll's ...
Registered in 0.007757 seconds.
Begin MonoManager ReloadAssembly
Native extension for WindowsStandalone target not found
Native extension for OSXStandalone target not found
Native extension for WebGL target not found
Refreshing native plugins compatible for Editor in 0.54 ms, found 2 plugins.
Preloading 0 native plugins for Editor in 0.00 ms.
[ScriptCompilation] NOT recompiling all scripts because this is an import worker process. Reason to compile was: Define symbols changed
PlayerSettings Validation: Requested build target group (15) doesn't exist; #define symbols for scripting won't be added.
UnityEngine.StackTraceUtility:ExtractStackTrace ()
UnityEditor.PlayerSettings:SetScriptingDefineSymbolsForGroup (UnityEditor.BuildTargetGroup,string)
UnitySampleAssets.CrossPlatformInput.Inspector.CrossPlatformInitialize:SetEnabled (string,bool,bool) (at Assets/SS/_CompletedAssets/MobileInput/Scripts/Editor/CrossPlatformInputInitialize.cs:129)
UnitySampleAssets.CrossPlatformInput.Inspector.CrossPlatformInitialize:.cctor () (at Assets/SS/_CompletedAssets/MobileInput/Scripts/Editor/CrossPlatformInputInitialize.cs:20)
System.Runtime.CompilerServices.RuntimeHelpers:RunClassConstructor (System.RuntimeTypeHandle)
UnityEditor.EditorAssemblies:ProcessInitializeOnLoadAttributes (System.Type[])

[Assets/SS/_CompletedAssets/MobileInput/Scripts/Editor/CrossPlatformInputInitialize.cs line 129]

PlayerSettings Validation: Requested build target group (16) doesn't exist; #define symbols for scripting won't be added.
UnityEngine.StackTraceUtility:ExtractStackTrace ()
UnityEditor.PlayerSettings:SetScriptingDefineSymbolsForGroup (UnityEditor.BuildTargetGroup,string)
UnitySampleAssets.CrossPlatformInput.Inspector.CrossPlatformInitialize:SetEnabled (string,bool,bool) (at Assets/SS/_CompletedAssets/MobileInput/Scripts/Editor/CrossPlatformInputInitialize.cs:129)
UnitySampleAssets.CrossPlatformInput.Inspector.CrossPlatformInitialize:.cctor () (at Assets/SS/_CompletedAssets/MobileInput/Scripts/Editor/CrossPlatformInputInitialize.cs:20)
System.Runtime.CompilerServices.RuntimeHelpers:RunClassConstructor (System.RuntimeTypeHandle)
UnityEditor.EditorAssemblies:ProcessInitializeOnLoadAttributes (System.Type[])

[Assets/SS/_CompletedAssets/MobileInput/Scripts/Editor/CrossPlatformInputInitialize.cs line 129]

PlayerSettings Validation: Requested build target group (15) doesn't exist; #define symbols for scripting won't be added.
UnityEngine.StackTraceUtility:ExtractStackTrace ()
UnityEditor.PlayerSettings:SetScriptingDefineSymbolsForGroup (UnityEditor.BuildTargetGroup,string)
UnitySampleAssets.CrossPlatformInput.Inspector.CrossPlatformInitialize:SetEnabled (string,bool,bool) (at Assets/SS/_CompletedAssets/MobileInput/Scripts/Editor/CrossPlatformInputInitialize.cs:129)
UnitySampleAssets.CrossPlatformInput.Inspector.CrossPlatformInitialize:.cctor () (at Assets/SS/_CompletedAssets/MobileInput/Scripts/Editor/CrossPlatformInputInitialize.cs:21)
System.Runtime.CompilerServices.RuntimeHelpers:RunClassConstructor (System.RuntimeTypeHandle)
UnityEditor.EditorAssemblies:ProcessInitializeOnLoadAttributes (System.Type[])

[Assets/SS/_CompletedAssets/MobileInput/Scripts/Editor/CrossPlatformInputInitialize.cs line 129]

PlayerSettings Validation: Requested build target group (16) doesn't exist; #define symbols for scripting won't be added.
UnityEngine.StackTraceUtility:ExtractStackTrace ()
UnityEditor.PlayerSettings:SetScriptingDefineSymbolsForGroup (UnityEditor.BuildTargetGroup,string)
UnitySampleAssets.CrossPlatformInput.Inspector.CrossPlatformInitialize:SetEnabled (string,bool,bool) (at Assets/SS/_CompletedAssets/MobileInput/Scripts/Editor/CrossPlatformInputInitialize.cs:129)
UnitySampleAssets.CrossPlatformInput.Inspector.CrossPlatformInitialize:.cctor () (at Assets/SS/_CompletedAssets/MobileInput/Scripts/Editor/CrossPlatformInputInitialize.cs:21)
System.Runtime.CompilerServices.RuntimeHelpers:RunClassConstructor (System.RuntimeTypeHandle)
UnityEditor.EditorAssemblies:ProcessInitializeOnLoadAttributes (System.Type[])

[Assets/SS/_CompletedAssets/MobileInput/Scripts/Editor/CrossPlatformInputInitialize.cs line 129]

Mono: successfully reloaded assembly
- Completed reload, in  1.967 seconds
Domain Reload Profiling:
	ReloadAssembly (1970ms)
		BeginReloadAssembly (233ms)
			ExecutionOrderSort (0ms)
			DisableScriptedObjects (11ms)
			BackupInstance (0ms)
			ReleaseScriptingObjects (0ms)
			CreateAndSetChildDomain (67ms)
		EndReloadAssembly (1608ms)
			LoadAssemblies (231ms)
			RebuildTransferFunctionScriptingTraits (0ms)
			SetupTypeCache (592ms)
			ReleaseScriptCaches (1ms)
			RebuildScriptCaches (71ms)
			SetupLoadedEditorAssemblies (573ms)
				LogAssemblyErrors (0ms)
				InitializePlatformSupportModulesInManaged (7ms)
				SetLoadedEditorAssemblies (1ms)
				RefreshPlugins (1ms)
				BeforeProcessingInitializeOnLoad (100ms)
				ProcessInitializeOnLoadAttributes (443ms)
				ProcessInitializeOnLoadMethodAttributes (15ms)
				AfterProcessingInitializeOnLoad (5ms)
				EditorAssembliesLoaded (0ms)
			ExecutionOrderSort2 (0ms)
			AwakeInstancesAfterBackupRestoration (14ms)
Platform modules already initialized, skipping
Refreshing native plugins compatible for Editor in 1.01 ms, found 2 plugins.
Preloading 0 native plugins for Editor in 0.00 ms.
Unloading 1544 Unused Serialized files (Serialized files now loaded: 0)
System memory in use before: 70.6 MB.
System memory in use after: 70.7 MB.

Unloading 15 unused Assets to reduce memory usage. Loaded Objects now: 1998.
Total: 6.654400 ms (FindLiveObjects: 0.284300 ms CreateObjectMapping: 0.172400 ms MarkObjects: 6.126100 ms  DeleteObjects: 0.067600 ms)

AssetImportParameters requested are different than current active one (requested -> active):
  custom:framework-win-MediaFoundation: 216162199b28c13a410421893ffa2e32 -> 
  custom:video-decoder-ogg-theora: a1e56fd34408186e4bbccfd4996cb3dc -> 
  custom:container-muxer-webm: aa71ff27fc2769a1b78a27578f13a17b -> 
  custom:container-demuxer-webm: 4f35f7cbe854078d1ac9338744f61a02 -> 
  custom:container-demuxer-ogg: 62fdf1f143b41e24485cea50d1cbac27 -> 
  custom:video-encoder-webm-vp8: eb34c28f22e8b96e1ab97ce403110664 -> 
  custom:video-decoder-webm-vp8: 9c59270c3fd7afecdb556c50c9e8de78 -> 
  custom:audio-decoder-ogg-vorbis: bf7c407c2cedff20999df2af8eb42d56 -> 
  custom:audio-encoder-webm-vorbis: bf7c407c2cedff20999df2af8eb42d56 -> 
========================================================================
Received Prepare
Registering precompiled user dll's ...
Registered in 0.006275 seconds.
Begin MonoManager ReloadAssembly
Native extension for WindowsStandalone target not found
Native extension for OSXStandalone target not found
Native extension for WebGL target not found
Refreshing native plugins compatible for Editor in 0.40 ms, found 2 plugins.
Preloading 0 native plugins for Editor in 0.00 ms.
[ScriptCompilation] NOT recompiling all scripts because this is an import worker process. Reason to compile was: Define symbols changed
PlayerSettings Validation: Requested build target group (15) doesn't exist; #define symbols for scripting won't be added.
UnityEngine.StackTraceUtility:ExtractStackTrace ()
UnityEditor.PlayerSettings:SetScriptingDefineSymbolsForGroup (UnityEditor.BuildTargetGroup,string)
UnitySampleAssets.CrossPlatformInput.Inspector.CrossPlatformInitialize:SetEnabled (string,bool,bool) (at Assets/SS/_CompletedAssets/MobileInput/Scripts/Editor/CrossPlatformInputInitialize.cs:128)
UnitySampleAssets.CrossPlatformInput.Inspector.CrossPlatformInitialize:.cctor () (at Assets/SS/_CompletedAssets/MobileInput/Scripts/Editor/CrossPlatformInputInitialize.cs:20)
System.Runtime.CompilerServices.RuntimeHelpers:RunClassConstructor (System.RuntimeTypeHandle)
UnityEditor.EditorAssemblies:ProcessInitializeOnLoadAttributes (System.Type[])

[Assets/SS/_CompletedAssets/MobileInput/Scripts/Editor/CrossPlatformInputInitialize.cs line 128]

PlayerSettings Validation: Requested build target group (16) doesn't exist; #define symbols for scripting won't be added.
UnityEngine.StackTraceUtility:ExtractStackTrace ()
UnityEditor.PlayerSettings:SetScriptingDefineSymbolsForGroup (UnityEditor.BuildTargetGroup,string)
UnitySampleAssets.CrossPlatformInput.Inspector.CrossPlatformInitialize:SetEnabled (string,bool,bool) (at Assets/SS/_CompletedAssets/MobileInput/Scripts/Editor/CrossPlatformInputInitialize.cs:128)
UnitySampleAssets.CrossPlatformInput.Inspector.CrossPlatformInitialize:.cctor () (at Assets/SS/_CompletedAssets/MobileInput/Scripts/Editor/CrossPlatformInputInitialize.cs:20)
System.Runtime.CompilerServices.RuntimeHelpers:RunClassConstructor (System.RuntimeTypeHandle)
UnityEditor.EditorAssemblies:ProcessInitializeOnLoadAttributes (System.Type[])

[Assets/SS/_CompletedAssets/MobileInput/Scripts/Editor/CrossPlatformInputInitialize.cs line 128]

PlayerSettings Validation: Requested build target group (15) doesn't exist; #define symbols for scripting won't be added.
UnityEngine.StackTraceUtility:ExtractStackTrace ()
UnityEditor.PlayerSettings:SetScriptingDefineSymbolsForGroup (UnityEditor.BuildTargetGroup,string)
UnitySampleAssets.CrossPlatformInput.Inspector.CrossPlatformInitialize:SetEnabled (string,bool,bool) (at Assets/SS/_CompletedAssets/MobileInput/Scripts/Editor/CrossPlatformInputInitialize.cs:128)
UnitySampleAssets.CrossPlatformInput.Inspector.CrossPlatformInitialize:.cctor () (at Assets/SS/_CompletedAssets/MobileInput/Scripts/Editor/CrossPlatformInputInitialize.cs:21)
System.Runtime.CompilerServices.RuntimeHelpers:RunClassConstructor (System.RuntimeTypeHandle)
UnityEditor.EditorAssemblies:ProcessInitializeOnLoadAttributes (System.Type[])

[Assets/SS/_CompletedAssets/MobileInput/Scripts/Editor/CrossPlatformInputInitialize.cs line 128]

PlayerSettings Validation: Requested build target group (16) doesn't exist; #define symbols for scripting won't be added.
UnityEngine.StackTraceUtility:ExtractStackTrace ()
UnityEditor.PlayerSettings:SetScriptingDefineSymbolsForGroup (UnityEditor.BuildTargetGroup,string)
UnitySampleAssets.CrossPlatformInput.Inspector.CrossPlatformInitialize:SetEnabled (string,bool,bool) (at Assets/SS/_CompletedAssets/MobileInput/Scripts/Editor/CrossPlatformInputInitialize.cs:128)
UnitySampleAssets.CrossPlatformInput.Inspector.CrossPlatformInitialize:.cctor () (at Assets/SS/_CompletedAssets/MobileInput/Scripts/Editor/CrossPlatformInputInitialize.cs:21)
System.Runtime.CompilerServices.RuntimeHelpers:RunClassConstructor (System.RuntimeTypeHandle)
UnityEditor.EditorAssemblies:ProcessInitializeOnLoadAttributes (System.Type[])

[Assets/SS/_CompletedAssets/MobileInput/Scripts/Editor/CrossPlatformInputInitialize.cs line 128]

Mono: successfully reloaded assembly
- Completed reload, in  1.161 seconds
Domain Reload Profiling:
	ReloadAssembly (1161ms)
		BeginReloadAssembly (120ms)
			ExecutionOrderSort (0ms)
			DisableScriptedObjects (6ms)
			BackupInstance (0ms)
			ReleaseScriptingObjects (0ms)
			CreateAndSetChildDomain (32ms)
		EndReloadAssembly (984ms)
			LoadAssemblies (102ms)
			RebuildTransferFunctionScriptingTraits (0ms)
			SetupTypeCache (337ms)
			ReleaseScriptCaches (1ms)
			RebuildScriptCaches (41ms)
			SetupLoadedEditorAssemblies (393ms)
				LogAssemblyErrors (0ms)
				InitializePlatformSupportModulesInManaged (7ms)
				SetLoadedEditorAssemblies (1ms)
				RefreshPlugins (0ms)
				BeforeProcessingInitializeOnLoad (89ms)
				ProcessInitializeOnLoadAttributes (286ms)
				ProcessInitializeOnLoadMethodAttributes (7ms)
				AfterProcessingInitializeOnLoad (2ms)
				EditorAssembliesLoaded (0ms)
			ExecutionOrderSort2 (0ms)
			AwakeInstancesAfterBackupRestoration (8ms)
Platform modules already initialized, skipping
Refreshing native plugins compatible for Editor in 0.38 ms, found 2 plugins.
Preloading 0 native plugins for Editor in 0.00 ms.
Unloading 1544 Unused Serialized files (Serialized files now loaded: 0)
System memory in use before: 70.7 MB.
System memory in use after: 70.8 MB.

Unloading 15 unused Assets to reduce memory usage. Loaded Objects now: 2000.
Total: 2.461900 ms (FindLiveObjects: 0.103000 ms CreateObjectMapping: 0.037500 ms MarkObjects: 2.305300 ms  DeleteObjects: 0.015500 ms)

AssetImportParameters requested are different than current active one (requested -> active):
  custom:framework-win-MediaFoundation: 216162199b28c13a410421893ffa2e32 -> 
  custom:video-decoder-ogg-theora: a1e56fd34408186e4bbccfd4996cb3dc -> 
  custom:container-muxer-webm: aa71ff27fc2769a1b78a27578f13a17b -> 
  custom:container-demuxer-webm: 4f35f7cbe854078d1ac9338744f61a02 -> 
  custom:container-demuxer-ogg: 62fdf1f143b41e24485cea50d1cbac27 -> 
  custom:video-encoder-webm-vp8: eb34c28f22e8b96e1ab97ce403110664 -> 
  custom:video-decoder-webm-vp8: 9c59270c3fd7afecdb556c50c9e8de78 -> 
  custom:audio-decoder-ogg-vorbis: bf7c407c2cedff20999df2af8eb42d56 -> 
  custom:audio-encoder-webm-vorbis: bf7c407c2cedff20999df2af8eb42d56 -> 
========================================================================
Received Import Request.
  Time since last request: 309.285644 seconds.
  path: Assets/Scenes 1/Main/NavMesh.asset
  artifactKey: Guid(9e4d0e48077a46c45b891b96a1aefb18) Importer(815301076,1909f56bfc062723c751e8b465ee728b)
Start importing Assets/Scenes 1/Main/NavMesh.asset using Guid(9e4d0e48077a46c45b891b96a1aefb18) Importer(815301076,1909f56bfc062723c751e8b465ee728b)  -> (artifact id: 'bff5f4f11137eb298626ffe4184b6a7a') in 0.019602 seconds 
  Import took 0.025192 seconds .

========================================================================
Received Import Request.
  Time since last request: 4.133154 seconds.
  path: Assets/Scenes
  artifactKey: Guid(26856b3f1e78b7147a1c2156358a6fda) Importer(815301076,1909f56bfc062723c751e8b465ee728b)
Start importing Assets/Scenes using Guid(26856b3f1e78b7147a1c2156358a6fda) Importer(815301076,1909f56bfc062723c751e8b465ee728b)  -> (artifact id: '24e8ad85cb4525df995e77a7f6191f86') in 0.011954 seconds 
  Import took 0.015100 seconds .

========================================================================
Received Import Request.
  Time since last request: 1.129907 seconds.
  path: Assets/Scenes/SampleScene.unity
  artifactKey: Guid(9fc0d4010bbf28b4594072e72b8655ab) Importer(815301076,1909f56bfc062723c751e8b465ee728b)
Start importing Assets/Scenes/SampleScene.unity using Guid(9fc0d4010bbf28b4594072e72b8655ab) Importer(815301076,1909f56bfc062723c751e8b465ee728b)  -> (artifact id: '85059f4f9e1a832ed95adaa0d25c5c4c') in 0.013755 seconds 
  Import took 0.018628 seconds .

========================================================================
Received Prepare
Registering precompiled user dll's ...
Registered in 0.005051 seconds.
Begin MonoManager ReloadAssembly
Native extension for WindowsStandalone target not found
Native extension for OSXStandalone target not found
Native extension for WebGL target not found
Refreshing native plugins compatible for Editor in 0.41 ms, found 2 plugins.
Preloading 0 native plugins for Editor in 0.00 ms.
[ScriptCompilation] NOT recompiling all scripts because this is an import worker process. Reason to compile was: Define symbols changed
PlayerSettings Validation: Requested build target group (15) doesn't exist; #define symbols for scripting won't be added.
UnityEngine.StackTraceUtility:ExtractStackTrace ()
UnityEditor.PlayerSettings:SetScriptingDefineSymbolsForGroup (UnityEditor.BuildTargetGroup,string)
UnitySampleAssets.CrossPlatformInput.Inspector.CrossPlatformInitialize:SetEnabled (string,bool,bool) (at Assets/SS/_CompletedAssets/MobileInput/Scripts/Editor/CrossPlatformInputInitialize.cs:128)
UnitySampleAssets.CrossPlatformInput.Inspector.CrossPlatformInitialize:.cctor () (at Assets/SS/_CompletedAssets/MobileInput/Scripts/Editor/CrossPlatformInputInitialize.cs:20)
System.Runtime.CompilerServices.RuntimeHelpers:RunClassConstructor (System.RuntimeTypeHandle)
UnityEditor.EditorAssemblies:ProcessInitializeOnLoadAttributes (System.Type[])

[Assets/SS/_CompletedAssets/MobileInput/Scripts/Editor/CrossPlatformInputInitialize.cs line 128]

PlayerSettings Validation: Requested build target group (16) doesn't exist; #define symbols for scripting won't be added.
UnityEngine.StackTraceUtility:ExtractStackTrace ()
UnityEditor.PlayerSettings:SetScriptingDefineSymbolsForGroup (UnityEditor.BuildTargetGroup,string)
UnitySampleAssets.CrossPlatformInput.Inspector.CrossPlatformInitialize:SetEnabled (string,bool,bool) (at Assets/SS/_CompletedAssets/MobileInput/Scripts/Editor/CrossPlatformInputInitialize.cs:128)
UnitySampleAssets.CrossPlatformInput.Inspector.CrossPlatformInitialize:.cctor () (at Assets/SS/_CompletedAssets/MobileInput/Scripts/Editor/CrossPlatformInputInitialize.cs:20)
System.Runtime.CompilerServices.RuntimeHelpers:RunClassConstructor (System.RuntimeTypeHandle)
UnityEditor.EditorAssemblies:ProcessInitializeOnLoadAttributes (System.Type[])

[Assets/SS/_CompletedAssets/MobileInput/Scripts/Editor/CrossPlatformInputInitialize.cs line 128]

PlayerSettings Validation: Requested build target group (15) doesn't exist; #define symbols for scripting won't be added.
UnityEngine.StackTraceUtility:ExtractStackTrace ()
UnityEditor.PlayerSettings:SetScriptingDefineSymbolsForGroup (UnityEditor.BuildTargetGroup,string)
UnitySampleAssets.CrossPlatformInput.Inspector.CrossPlatformInitialize:SetEnabled (string,bool,bool) (at Assets/SS/_CompletedAssets/MobileInput/Scripts/Editor/CrossPlatformInputInitialize.cs:128)
UnitySampleAssets.CrossPlatformInput.Inspector.CrossPlatformInitialize:.cctor () (at Assets/SS/_CompletedAssets/MobileInput/Scripts/Editor/CrossPlatformInputInitialize.cs:21)
System.Runtime.CompilerServices.RuntimeHelpers:RunClassConstructor (System.RuntimeTypeHandle)
UnityEditor.EditorAssemblies:ProcessInitializeOnLoadAttributes (System.Type[])

[Assets/SS/_CompletedAssets/MobileInput/Scripts/Editor/CrossPlatformInputInitialize.cs line 128]

PlayerSettings Validation: Requested build target group (16) doesn't exist; #define symbols for scripting won't be added.
UnityEngine.StackTraceUtility:ExtractStackTrace ()
UnityEditor.PlayerSettings:SetScriptingDefineSymbolsForGroup (UnityEditor.BuildTargetGroup,string)
UnitySampleAssets.CrossPlatformInput.Inspector.CrossPlatformInitialize:SetEnabled (string,bool,bool) (at Assets/SS/_CompletedAssets/MobileInput/Scripts/Editor/CrossPlatformInputInitialize.cs:128)
UnitySampleAssets.CrossPlatformInput.Inspector.CrossPlatformInitialize:.cctor () (at Assets/SS/_CompletedAssets/MobileInput/Scripts/Editor/CrossPlatformInputInitialize.cs:21)
System.Runtime.CompilerServices.RuntimeHelpers:RunClassConstructor (System.RuntimeTypeHandle)
UnityEditor.EditorAssemblies:ProcessInitializeOnLoadAttributes (System.Type[])

[Assets/SS/_CompletedAssets/MobileInput/Scripts/Editor/CrossPlatformInputInitialize.cs line 128]

Mono: successfully reloaded assembly
- Completed reload, in  1.075 seconds
Domain Reload Profiling:
	ReloadAssembly (1075ms)
		BeginReloadAssembly (119ms)
			ExecutionOrderSort (0ms)
			DisableScriptedObjects (5ms)
			BackupInstance (0ms)
			ReleaseScriptingObjects (0ms)
			CreateAndSetChildDomain (34ms)
		EndReloadAssembly (890ms)
			LoadAssemblies (107ms)
			RebuildTransferFunctionScriptingTraits (0ms)
			SetupTypeCache (370ms)
			ReleaseScriptCaches (1ms)
			RebuildScriptCaches (41ms)
			SetupLoadedEditorAssemblies (282ms)
				LogAssemblyErrors (0ms)
				InitializePlatformSupportModulesInManaged (6ms)
				SetLoadedEditorAssemblies (0ms)
				RefreshPlugins (0ms)
				BeforeProcessingInitializeOnLoad (65ms)
				ProcessInitializeOnLoadAttributes (199ms)
				ProcessInitializeOnLoadMethodAttributes (8ms)
				AfterProcessingInitializeOnLoad (2ms)
				EditorAssembliesLoaded (0ms)
			ExecutionOrderSort2 (0ms)
			AwakeInstancesAfterBackupRestoration (9ms)
Platform modules already initialized, skipping
Refreshing native plugins compatible for Editor in 0.41 ms, found 2 plugins.
Preloading 0 native plugins for Editor in 0.00 ms.
Unloading 1544 Unused Serialized files (Serialized files now loaded: 0)
System memory in use before: 70.7 MB.
System memory in use after: 70.8 MB.

Unloading 15 unused Assets to reduce memory usage. Loaded Objects now: 2002.
Total: 2.577900 ms (FindLiveObjects: 0.114200 ms CreateObjectMapping: 0.040400 ms MarkObjects: 2.403800 ms  DeleteObjects: 0.018800 ms)

AssetImportParameters requested are different than current active one (requested -> active):
  custom:framework-win-MediaFoundation: 216162199b28c13a410421893ffa2e32 -> 
  custom:video-decoder-ogg-theora: a1e56fd34408186e4bbccfd4996cb3dc -> 
  custom:container-muxer-webm: aa71ff27fc2769a1b78a27578f13a17b -> 
  custom:container-demuxer-webm: 4f35f7cbe854078d1ac9338744f61a02 -> 
  custom:container-demuxer-ogg: 62fdf1f143b41e24485cea50d1cbac27 -> 
  custom:video-encoder-webm-vp8: eb34c28f22e8b96e1ab97ce403110664 -> 
  custom:video-decoder-webm-vp8: 9c59270c3fd7afecdb556c50c9e8de78 -> 
  custom:audio-decoder-ogg-vorbis: bf7c407c2cedff20999df2af8eb42d56 -> 
  custom:audio-encoder-webm-vorbis: bf7c407c2cedff20999df2af8eb42d56 -> 
========================================================================
Received Import Request.
  Time since last request: 74.277659 seconds.
  path: Assets/Prefabs
  artifactKey: Guid(40aade039a8d96941a15723ef9ab8371) Importer(815301076,1909f56bfc062723c751e8b465ee728b)
Start importing Assets/Prefabs using Guid(40aade039a8d96941a15723ef9ab8371) Importer(815301076,1909f56bfc062723c751e8b465ee728b)  -> (artifact id: '7db2b1dddcb16d9dfc6667a0a63d461e') in 0.013164 seconds 
  Import took 0.017837 seconds .

========================================================================
Received Import Request.
  Time since last request: 0.070886 seconds.
  path: Assets/Prefabs/Environment.prefab
  artifactKey: Guid(149d6dcc67e8d1240bbc0dd6ddf0c1bd) Importer(815301076,1909f56bfc062723c751e8b465ee728b)
Start importing Assets/Prefabs/Environment.prefab using Guid(149d6dcc67e8d1240bbc0dd6ddf0c1bd) Importer(815301076,1909f56bfc062723c751e8b465ee728b)  -> (artifact id: 'f11baee8cb893f4ff141e3374d5048ea') in 1.582050 seconds 
  Import took 1.591711 seconds .

========================================================================
Received Import Request.
  Time since last request: 0.000264 seconds.
  path: Assets/Prefabs/HitParticles.prefab
  artifactKey: Guid(ef39ae7291c751249b296f00bf6fb042) Importer(815301076,1909f56bfc062723c751e8b465ee728b)
Start importing Assets/Prefabs/HitParticles.prefab using Guid(ef39ae7291c751249b296f00bf6fb042) Importer(815301076,1909f56bfc062723c751e8b465ee728b)  -> (artifact id: '22e3053bf1d1e56afe5990c18b02110f') in 0.360908 seconds 
  Import took 0.363863 seconds .

========================================================================
Received Import Request.
  Time since last request: 0.000252 seconds.
  path: Assets/Prefabs/Lights.prefab
  artifactKey: Guid(ad67cddd729fb4342be2063a3f5ad7cc) Importer(815301076,1909f56bfc062723c751e8b465ee728b)
Start importing Assets/Prefabs/Lights.prefab using Guid(ad67cddd729fb4342be2063a3f5ad7cc) Importer(815301076,1909f56bfc062723c751e8b465ee728b)  -> (artifact id: '86336b12ed90a11bb792931ac0d82f33') in 0.016563 seconds 
  Import took 0.021111 seconds .

========================================================================
Received Import Request.
  Time since last request: 0.000402 seconds.
  path: Assets/Prefabs/GunParticles.prefab
  artifactKey: Guid(0bd11145ced4539458f937fc4609544a) Importer(815301076,1909f56bfc062723c751e8b465ee728b)
Start importing Assets/Prefabs/GunParticles.prefab using Guid(0bd11145ced4539458f937fc4609544a) Importer(815301076,1909f56bfc062723c751e8b465ee728b)  -> (artifact id: '0838f3160ebf8077b0703b9622d65238') in 0.071456 seconds 
  Import took 0.075995 seconds .

========================================================================
Received Import Request.
  Time since last request: 0.000259 seconds.
  path: Assets/Prefabs/Zombie.prefab
  artifactKey: Guid(29099af0260f56047ae9300b4017553b) Importer(815301076,1909f56bfc062723c751e8b465ee728b)
Start importing Assets/Prefabs/Zombie.prefab using Guid(29099af0260f56047ae9300b4017553b) Importer(815301076,1909f56bfc062723c751e8b465ee728b)  -> (artifact id: '052170d0a062b48a831d92cba139db3b') in 0.168566 seconds 
  Import took 0.172644 seconds .

========================================================================
Received Import Request.
  Time since last request: 1.364372 seconds.
  path: Assets/School
  artifactKey: Guid(d61c051bdc76cc541a89368636225c62) Importer(815301076,1909f56bfc062723c751e8b465ee728b)
Start importing Assets/School using Guid(d61c051bdc76cc541a89368636225c62) Importer(815301076,1909f56bfc062723c751e8b465ee728b)  -> (artifact id: 'bdf16534ff97ba5cc391c6e9f143c101') in 0.008575 seconds 
  Import took 0.011758 seconds .

========================================================================
Received Import Request.
  Time since last request: 2.110764 seconds.
  path: Assets/School/Scene
  artifactKey: Guid(22834b6ae08b14e4d88d40bf7cb893ef) Importer(815301076,1909f56bfc062723c751e8b465ee728b)
Start importing Assets/School/Scene using Guid(22834b6ae08b14e4d88d40bf7cb893ef) Importer(815301076,1909f56bfc062723c751e8b465ee728b)  -> (artifact id: '394b78be5b0ad3762e0e9b249473167b') in 0.011652 seconds 
  Import took 0.015829 seconds .

========================================================================
Received Import Request.
  Time since last request: 7.014709 seconds.
  path: Assets/School/Scene/Scool Cafeteria.unity
  artifactKey: Guid(fb1eea4d102e544438f15f2a604456f5) Importer(815301076,1909f56bfc062723c751e8b465ee728b)
Start importing Assets/School/Scene/Scool Cafeteria.unity using Guid(fb1eea4d102e544438f15f2a604456f5) Importer(815301076,1909f56bfc062723c751e8b465ee728b)  -> (artifact id: '823d69c98704569ea006b5e2e780f6f4') in 0.012718 seconds 
  Import took 0.018312 seconds .

========================================================================
Received Prepare
Registering precompiled user dll's ...
Registered in 0.004240 seconds.
Begin MonoManager ReloadAssembly
Native extension for WindowsStandalone target not found
Native extension for OSXStandalone target not found
Native extension for WebGL target not found
Refreshing native plugins compatible for Editor in 0.38 ms, found 2 plugins.
Preloading 0 native plugins for Editor in 0.00 ms.
[ScriptCompilation] NOT recompiling all scripts because this is an import worker process. Reason to compile was: Define symbols changed
PlayerSettings Validation: Requested build target group (15) doesn't exist; #define symbols for scripting won't be added.
UnityEngine.StackTraceUtility:ExtractStackTrace ()
UnityEditor.PlayerSettings:SetScriptingDefineSymbolsForGroup (UnityEditor.BuildTargetGroup,string)
UnitySampleAssets.CrossPlatformInput.Inspector.CrossPlatformInitialize:SetEnabled (string,bool,bool) (at Assets/SS/_CompletedAssets/MobileInput/Scripts/Editor/CrossPlatformInputInitialize.cs:128)
UnitySampleAssets.CrossPlatformInput.Inspector.CrossPlatformInitialize:.cctor () (at Assets/SS/_CompletedAssets/MobileInput/Scripts/Editor/CrossPlatformInputInitialize.cs:20)
System.Runtime.CompilerServices.RuntimeHelpers:RunClassConstructor (System.RuntimeTypeHandle)
UnityEditor.EditorAssemblies:ProcessInitializeOnLoadAttributes (System.Type[])

[Assets/SS/_CompletedAssets/MobileInput/Scripts/Editor/CrossPlatformInputInitialize.cs line 128]

PlayerSettings Validation: Requested build target group (16) doesn't exist; #define symbols for scripting won't be added.
UnityEngine.StackTraceUtility:ExtractStackTrace ()
UnityEditor.PlayerSettings:SetScriptingDefineSymbolsForGroup (UnityEditor.BuildTargetGroup,string)
UnitySampleAssets.CrossPlatformInput.Inspector.CrossPlatformInitialize:SetEnabled (string,bool,bool) (at Assets/SS/_CompletedAssets/MobileInput/Scripts/Editor/CrossPlatformInputInitialize.cs:128)
UnitySampleAssets.CrossPlatformInput.Inspector.CrossPlatformInitialize:.cctor () (at Assets/SS/_CompletedAssets/MobileInput/Scripts/Editor/CrossPlatformInputInitialize.cs:20)
System.Runtime.CompilerServices.RuntimeHelpers:RunClassConstructor (System.RuntimeTypeHandle)
UnityEditor.EditorAssemblies:ProcessInitializeOnLoadAttributes (System.Type[])

[Assets/SS/_CompletedAssets/MobileInput/Scripts/Editor/CrossPlatformInputInitialize.cs line 128]

PlayerSettings Validation: Requested build target group (15) doesn't exist; #define symbols for scripting won't be added.
UnityEngine.StackTraceUtility:ExtractStackTrace ()
UnityEditor.PlayerSettings:SetScriptingDefineSymbolsForGroup (UnityEditor.BuildTargetGroup,string)
UnitySampleAssets.CrossPlatformInput.Inspector.CrossPlatformInitialize:SetEnabled (string,bool,bool) (at Assets/SS/_CompletedAssets/MobileInput/Scripts/Editor/CrossPlatformInputInitialize.cs:128)
UnitySampleAssets.CrossPlatformInput.Inspector.CrossPlatformInitialize:.cctor () (at Assets/SS/_CompletedAssets/MobileInput/Scripts/Editor/CrossPlatformInputInitialize.cs:21)
System.Runtime.CompilerServices.RuntimeHelpers:RunClassConstructor (System.RuntimeTypeHandle)
UnityEditor.EditorAssemblies:ProcessInitializeOnLoadAttributes (System.Type[])

[Assets/SS/_CompletedAssets/MobileInput/Scripts/Editor/CrossPlatformInputInitialize.cs line 128]

PlayerSettings Validation: Requested build target group (16) doesn't exist; #define symbols for scripting won't be added.
UnityEngine.StackTraceUtility:ExtractStackTrace ()
UnityEditor.PlayerSettings:SetScriptingDefineSymbolsForGroup (UnityEditor.BuildTargetGroup,string)
UnitySampleAssets.CrossPlatformInput.Inspector.CrossPlatformInitialize:SetEnabled (string,bool,bool) (at Assets/SS/_CompletedAssets/MobileInput/Scripts/Editor/CrossPlatformInputInitialize.cs:128)
UnitySampleAssets.CrossPlatformInput.Inspector.CrossPlatformInitialize:.cctor () (at Assets/SS/_CompletedAssets/MobileInput/Scripts/Editor/CrossPlatformInputInitialize.cs:21)
System.Runtime.CompilerServices.RuntimeHelpers:RunClassConstructor (System.RuntimeTypeHandle)
UnityEditor.EditorAssemblies:ProcessInitializeOnLoadAttributes (System.Type[])

[Assets/SS/_CompletedAssets/MobileInput/Scripts/Editor/CrossPlatformInputInitialize.cs line 128]

Mono: successfully reloaded assembly
- Completed reload, in  1.236 seconds
Domain Reload Profiling:
	ReloadAssembly (1237ms)
		BeginReloadAssembly (129ms)
			ExecutionOrderSort (0ms)
			DisableScriptedObjects (4ms)
			BackupInstance (0ms)
			ReleaseScriptingObjects (0ms)
			CreateAndSetChildDomain (34ms)
		EndReloadAssembly (1030ms)
			LoadAssemblies (114ms)
			RebuildTransferFunctionScriptingTraits (0ms)
			SetupTypeCache (374ms)
			ReleaseScriptCaches (1ms)
			RebuildScriptCaches (58ms)
			SetupLoadedEditorAssemblies (358ms)
				LogAssemblyErrors (0ms)
				InitializePlatformSupportModulesInManaged (6ms)
				SetLoadedEditorAssemblies (0ms)
				RefreshPlugins (0ms)
				BeforeProcessingInitializeOnLoad (77ms)
				ProcessInitializeOnLoadAttributes (261ms)
				ProcessInitializeOnLoadMethodAttributes (11ms)
				AfterProcessingInitializeOnLoad (3ms)
				EditorAssembliesLoaded (0ms)
			ExecutionOrderSort2 (0ms)
			AwakeInstancesAfterBackupRestoration (11ms)
Platform modules already initialized, skipping
Refreshing native plugins compatible for Editor in 0.77 ms, found 2 plugins.
Preloading 0 native plugins for Editor in 0.00 ms.
Unloading 1544 Unused Serialized files (Serialized files now loaded: 0)
System memory in use before: 89.0 MB.
System memory in use after: 89.1 MB.

Unloading 16 unused Assets to reduce memory usage. Loaded Objects now: 2017.
Total: 2.850700 ms (FindLiveObjects: 0.132500 ms CreateObjectMapping: 0.046600 ms MarkObjects: 2.631200 ms  DeleteObjects: 0.039800 ms)

AssetImportParameters requested are different than current active one (requested -> active):
  custom:framework-win-MediaFoundation: 216162199b28c13a410421893ffa2e32 -> 
  custom:video-decoder-ogg-theora: a1e56fd34408186e4bbccfd4996cb3dc -> 
  custom:container-muxer-webm: aa71ff27fc2769a1b78a27578f13a17b -> 
  custom:container-demuxer-webm: 4f35f7cbe854078d1ac9338744f61a02 -> 
  custom:container-demuxer-ogg: 62fdf1f143b41e24485cea50d1cbac27 -> 
  custom:video-encoder-webm-vp8: eb34c28f22e8b96e1ab97ce403110664 -> 
  custom:video-decoder-webm-vp8: 9c59270c3fd7afecdb556c50c9e8de78 -> 
  custom:audio-decoder-ogg-vorbis: bf7c407c2cedff20999df2af8eb42d56 -> 
  custom:audio-encoder-webm-vorbis: bf7c407c2cedff20999df2af8eb42d56 -> 
========================================================================
Received Import Request.
  Time since last request: 13.580695 seconds.
  path: Assets/School/Scene/School Cafeteria.unity
  artifactKey: Guid(fb1eea4d102e544438f15f2a604456f5) Importer(815301076,1909f56bfc062723c751e8b465ee728b)
Start importing Assets/School/Scene/School Cafeteria.unity using Guid(fb1eea4d102e544438f15f2a604456f5) Importer(815301076,1909f56bfc062723c751e8b465ee728b)  -> (artifact id: 'dd376d367281cb329d9889df7ba1f680') in 0.023522 seconds 
  Import took 0.028380 seconds .

AssetImportWorkerClient::OnTransportError - code=2 error=End of file
